<?xml version="1.0" encoding="UTF-8"?>
<!-- Generated by org.testng.reporters.JUnitReportReporter -->
<testsuite hostname="DESKTOP-D0JLFQF" failures="0" tests="3" name="swaglab_DDF_04.TestNG4" time="31.379" errors="0" timestamp="2023-01-13T19:51:51 IST" skipped="0">
  <testcase classname="swaglab_DDF_04.TestNG4" name="verifyLogoswagLabHome" time="6.264"/>
  <system-out/>
  <testcase classname="swaglab_DDF_04.TestNG4" name="verifySwagLabHomePageListBoxA_Z" time="11.355"/>
  <system-out/>
  <testcase classname="swaglab_DDF_04.TestNG4" name="verifySwagLabHomePageAddCartBut" time="13.760"/>
  <system-out/>
</testsuite> <!-- swaglab_DDF_04.TestNG4 -->
