<?xml version="1.0" encoding="UTF-8"?>
<!-- Generated by org.testng.reporters.JUnitReportReporter -->
<testsuite hostname="DESKTOP-D0JLFQF" failures="0" tests="2" name="swaglab_DDF_02.TestNG2" time="14.327" errors="0" timestamp="2023-01-13T19:20:33 IST" skipped="0">
  <testcase classname="swaglab_DDF_02.TestNG2" name="verifylogo" time="6.593"/>
  <system-out/>
  <testcase classname="swaglab_DDF_02.TestNG2" name="verifyRemovebutton" time="7.734"/>
  <system-out/>
</testsuite> <!-- swaglab_DDF_02.TestNG2 -->
