<?xml version="1.0" encoding="UTF-8"?>
<!-- Generated by org.testng.reporters.JUnitReportReporter -->
<testsuite hostname="DESKTOP-D0JLFQF" failures="0" tests="4" name="swaglab_DDF_05.TestNG5" time="35.244" errors="0" timestamp="2023-01-13T20:04:20 IST" skipped="0">
  <testcase classname="swaglab_DDF_05.TestNG5" name="verifySwagLabHomeLogo" time="7.064"/>
  <system-out/>
  <testcase classname="swaglab_DDF_05.TestNG5" name="VerifySwagLabHomeListBoxA_Z" time="6.935"/>
  <system-out/>
  <testcase classname="swaglab_DDF_05.TestNG5" name="verifySwagHomePageAddCart" time="14.234"/>
  <system-out/>
  <testcase classname="swaglab_DDF_05.TestNG5" name="verifySwagLabAddcartPageTitle" time="7.011"/>
  <system-out/>
</testsuite> <!-- swaglab_DDF_05.TestNG5 -->
