<?xml version="1.0" encoding="UTF-8"?>
<!-- Generated by org.testng.reporters.JUnitReportReporter -->
<testsuite hostname="DESKTOP-D0JLFQF" failures="0" tests="6" name="swaglab_DDF_07.SwagLabTestNG" time="75.258" errors="0" timestamp="2023-01-13T20:16:07 IST" skipped="1">
  <testcase classname="swaglab_DDF_07.SwagLabTestNG" name="verifylog" time="11.753"/>
  <system-out/>
  <testcase classname="swaglab_DDF_07.SwagLabTestNG" name="verifySwagLabHomePageAddtoCartRemovebutton" time="12.882"/>
  <system-out/>
  <testcase classname="swaglab_DDF_07.SwagLabTestNG" name="verifySawgLabHomeListBOxA_Z" time="16.829"/>
  <system-out/>
  <testcase classname="swaglab_DDF_07.SwagLabTestNG" name="verifySwagLabCartPageTitle" time="16.887"/>
  <system-out/>
  <testcase classname="swaglab_DDF_07.SwagLabTestNG" name="verifySwagLabCheKOutErrorOnSumbitButn" time="16.907"/>
  <system-out/>
  <testcase classname="swaglab_DDF_07.SwagLabTestNG" name="verifySwagLabChekoutPageTiltle">
    <skipped/>
  </testcase> <!-- verifySwagLabChekoutPageTiltle -->
  <system-out/>
</testsuite> <!-- swaglab_DDF_07.SwagLabTestNG -->
