<?xml version="1.0" encoding="UTF-8"?>
<!-- Generated by org.testng.reporters.JUnitReportReporter -->
<testsuite hostname="DESKTOP-D0JLFQF" failures="0" tests="6" name="swaglab_DDF_03.ClassTestNG" time="19.969" errors="0" timestamp="2023-01-13T19:43:17 IST" skipped="0">
  <testcase classname="swaglab_DDF_03.ClassTestNG" name="verifySwagLabHomePageLogo" time="1.560"/>
  <system-out/>
  <testcase classname="swaglab_DDF_03.ClassTestNG" name="verifySwagLabHomePageLogo" time="1.087"/>
  <system-out/>
  <testcase classname="swaglab_DDF_03.ClassTestNG" name="verifySwagLabHomePageLogo" time="5.743"/>
  <system-out/>
  <testcase classname="swaglab_DDF_03.ClassTestNG" name="verifySwagLabHomeAddCartbutton" time="2.652"/>
  <system-out/>
  <testcase classname="swaglab_DDF_03.ClassTestNG" name="verifySwagLabHomeAddCartbutton" time="1.274"/>
  <system-out/>
  <testcase classname="swaglab_DDF_03.ClassTestNG" name="verifySwagLabHomeAddCartbutton" time="7.653"/>
  <system-out/>
</testsuite> <!-- swaglab_DDF_03.ClassTestNG -->
